C51 COMPILER V9.54   NIXIE                                                                 12/10/2025 19:25:00 PAGE 1   


C51 COMPILER V9.54, COMPILATION OF MODULE NIXIE
OBJECT MODULE PLACED IN .\Objects\NiXie.obj
COMPILER INVOKED BY: F:\keil\C51\BIN\C51.EXE NiXie.c OPTIMIZE(8,SPEED) BROWSE DEBUG OBJECTEXTEND PRINT(.\Listings\NiXie.
                    -lst) TABS(2) OBJECT(.\Objects\NiXie.obj)

line level    source

   1          #include <REGX52.H>
   2          #include "delay.h"
   3          
   4          unsigned char NiXieTable[]={0X3F,0X06,0X5B,0X4F,0X66,0X6D,0X7D,0X07,0X7F,0X6F};
   5          
   6          void NiXie(unsigned char Location,Number)
   7          {
   8   1        switch(Location)
   9   1        {
  10   2          case 1:P2_4 = 1;P2_3 = 1; P2_2 = 1;break;//LED8æŸæµ
  11   2          case 2:P2_4 = 1;P2_3 = 1; P2_2 = 0;break;//LED7
  12   2          case 3:P2_4 = 1;P2_3 = 0; P2_2 = 1;break;//LED6
  13   2          case 4:P2_4 = 1;P2_3 = 0; P2_2 = 0;break;//LED5
  14   2          case 5:P2_4 = 0;P2_3 = 1; P2_2 = 1;break;//LED4
  15   2          case 6:P2_4 = 0;P2_3 = 1; P2_2 = 0;break;//LED3
  16   2          case 7:P2_4 = 0;P2_3 = 0; P2_2 = 1;break;//LED2
  17   2          case 8:P2_4 = 0;P2_3 = 0; P2_2 = 0;break;//LED1æŸÆØ
  18   2        }
  19   1        P0 = NiXieTable[Number];
  20   1        Delay(1);
  21   1        P0 = 0x00;
  22   1      }


MODULE INFORMATION:   STATIC OVERLAYABLE
   CODE SIZE        =    109    ----
   CONSTANT SIZE    =   ----    ----
   XDATA SIZE       =   ----    ----
   PDATA SIZE       =   ----    ----
   DATA SIZE        =     10    ----
   IDATA SIZE       =   ----    ----
   BIT SIZE         =   ----    ----
END OF MODULE INFORMATION.


C51 COMPILATION COMPLETE.  0 WARNING(S),  0 ERROR(S)
