C51 COMPILER V9.54   MAIN                                                                  12/07/2025 16:40:42 PAGE 1   


C51 COMPILER V9.54, COMPILATION OF MODULE MAIN
OBJECT MODULE PLACED IN .\Objects\main.obj
COMPILER INVOKED BY: F:\keil\C51\BIN\C51.EXE main.c OPTIMIZE(8,SPEED) BROWSE DEBUG OBJECTEXTEND PRINT(.\Listings\main.ls
                    -t) TABS(2) OBJECT(.\Objects\main.obj)

line level    source

   1          #include <REGX52.H>
   2          #include <INTRINS.H>
   3          
   4          void Delay(unsigned int xms)    
   5          {
   6   1        unsigned char i, j;
   7   1        while(xms)
   8   1        {
   9   2        
  10   2          _nop_();
  11   2          i = 2;
  12   2          j = 199;
  13   2          do
  14   2          {
  15   3            while (--j);
  16   3          } 
  17   2          while (--i);
  18   2          xms--;
  19   2        }
  20   1        
  21   1      }
  22          
  23          void main()
  24          {
  25   1        unsigned char LEDnum = 0;
  26   1        while(1)
  27   1        {
  28   2          if(P3_1 == 0)
  29   2          {
  30   3            Delay(20);
  31   3            while(P3_1 == 0)//
  32   3            Delay(20);
  33   3            
  34   3            LEDnum++;
  35   3            P2=~LEDnum;
  36   3          
  37   3          } 
  38   2        }
  39   1      }


MODULE INFORMATION:   STATIC OVERLAYABLE
   CODE SIZE        =     47    ----
   CONSTANT SIZE    =   ----    ----
   XDATA SIZE       =   ----    ----
   PDATA SIZE       =   ----    ----
   DATA SIZE        =   ----    ----
   IDATA SIZE       =   ----    ----
   BIT SIZE         =   ----    ----
END OF MODULE INFORMATION.


C51 COMPILATION COMPLETE.  0 WARNING(S),  0 ERROR(S)
