C51 COMPILER V9.54   MAIN                                                                  12/07/2025 16:10:48 PAGE 1   


C51 COMPILER V9.54, COMPILATION OF MODULE MAIN
OBJECT MODULE PLACED IN .\Objects\main.obj
COMPILER INVOKED BY: F:\keil\C51\BIN\C51.EXE main.c OPTIMIZE(8,SPEED) BROWSE DEBUG OBJECTEXTEND PRINT(.\Listings\main.ls
                    -t) TABS(2) OBJECT(.\Objects\main.obj)

line level    source

   1          #include <REGX52.H>
   2          
   3          void Delay(unsigned int xms)
   4          {
   5   1        unsigned char i, j;
   6   1        while(xms)
   7   1        {
   8   2          //_nop_();
   9   2          i = 2;
  10   2          j = 199;
  11   2          do
  12   2          {
  13   3            while (--j);
  14   3          } 
  15   2          while (--i);
  16   2          xms--;
  17   2        } 
  18   1      }
  19          
  20          
  21          void main()
  22          {
  23   1          while(1)
  24   1          {
  25   2            if(P3_1 == 0)//检测按下
  26   2            {
  27   3              Delay(20);//软件消抖
  28   3              while(P3_1 == 0);//只要不松手，就一直在空循环里不出来
  29   3              Delay(20);//松手消抖
  30   3              
  31   3              P2_7 =~P2_7;//~为按位取反符号
  32   3            }
  33   2          
  34   2          }
  35   1      
  36   1      } 


MODULE INFORMATION:   STATIC OVERLAYABLE
   CODE SIZE        =     44    ----
   CONSTANT SIZE    =   ----    ----
   XDATA SIZE       =   ----    ----
   PDATA SIZE       =   ----    ----
   DATA SIZE        =   ----    ----
   IDATA SIZE       =   ----    ----
   BIT SIZE         =   ----    ----
END OF MODULE INFORMATION.


C51 COMPILATION COMPLETE.  0 WARNING(S),  0 ERROR(S)
