C51 COMPILER V9.54   MATRIXKEY                                                             01/12/2026 17:49:22 PAGE 1   


C51 COMPILER V9.54, COMPILATION OF MODULE MATRIXKEY
OBJECT MODULE PLACED IN .\Objects\MatrixKey.obj
COMPILER INVOKED BY: F:\keil\C51\BIN\C51.EXE MatrixKey.c OPTIMIZE(8,SPEED) BROWSE DEBUG OBJECTEXTEND PRINT(.\Listings\Ma
                    -trixKey.lst) TABS(2) OBJECT(.\Objects\MatrixKey.obj)

line level    source

   1          #include "delay.h"
   2          #include <REGX52.H>
   3          
   4          
   5          /**
   6            * @brief  矩阵键盘读取按键键码
   7            * @param  无
   8            * @retval KeyNumber 按下按键的键码值
   9                如果按键按下不放，程序会停留在此函数，松手一瞬间，返回按键键帽，没有按键按下时，返回0
  10            */
  11          
  12          
  13          unsigned char MatrixKey()
  14          {
  15   1        unsigned char KeyNumber = 0;
  16   1        
  17   1        P1 = 0xFF;
  18   1        P1_3 = 0;
  19   1        if(P1_7 == 0) {Delay(20);while(P1_7 == 0);Delay(20);KeyNumber = 1;}
  20   1        if(P1_6 == 0) {Delay(20);while(P1_6 == 0);Delay(20);KeyNumber = 5;}
  21   1        if(P1_5 == 0) {Delay(20);while(P1_5 == 0);Delay(20);KeyNumber = 9;}
  22   1        if(P1_4 == 0) {Delay(20);while(P1_4 == 0);Delay(20);KeyNumber = 13;}  
  23   1        
  24   1        
  25   1        P1 = 0xFF;
  26   1        P1_2 = 0;
  27   1        if(P1_7 == 0) {Delay(20);while(P1_7 == 0);Delay(20);KeyNumber = 2;}
  28   1        if(P1_6 == 0) {Delay(20);while(P1_6 == 0);Delay(20);KeyNumber = 6;}
  29   1        if(P1_5 == 0) {Delay(20);while(P1_5 == 0);Delay(20);KeyNumber = 10;}
  30   1        if(P1_4 == 0) {Delay(20);while(P1_4 == 0);Delay(20);KeyNumber = 14;}
  31   1          
  32   1        
  33   1        P1 = 0xFF;
  34   1        P1_1 = 0;
  35   1        if(P1_7 == 0) {Delay(20);while(P1_7 == 0);Delay(20);KeyNumber = 3;}
  36   1        if(P1_6 == 0) {Delay(20);while(P1_6 == 0);Delay(20);KeyNumber = 7;}
  37   1        if(P1_5 == 0) {Delay(20);while(P1_5 == 0);Delay(20);KeyNumber = 11;}
  38   1        if(P1_4 == 0) {Delay(20);while(P1_4 == 0);Delay(20);KeyNumber = 15;}
  39   1        
  40   1          
  41   1        P1 = 0xFF;
  42   1        P1_0 = 0;
  43   1        if(P1_7 == 0) {Delay(20);while(P1_7 == 0);Delay(20);KeyNumber = 4;}
  44   1        if(P1_6 == 0) {Delay(20);while(P1_6 == 0);Delay(20);KeyNumber = 8;}
  45   1        if(P1_5 == 0) {Delay(20);while(P1_5 == 0);Delay(20);KeyNumber = 12;}
  46   1        if(P1_4 == 0) {Delay(20);while(P1_4 == 0);Delay(20);KeyNumber = 16;}
  47   1        
  48   1        return  KeyNumber;
  49   1      }


MODULE INFORMATION:   STATIC OVERLAYABLE
   CODE SIZE        =    393    ----
   CONSTANT SIZE    =   ----    ----
C51 COMPILER V9.54   MATRIXKEY                                                             01/12/2026 17:49:22 PAGE 2   

   XDATA SIZE       =   ----    ----
   PDATA SIZE       =   ----    ----
   DATA SIZE        =   ----       1
   IDATA SIZE       =   ----    ----
   BIT SIZE         =   ----    ----
END OF MODULE INFORMATION.


C51 COMPILATION COMPLETE.  0 WARNING(S),  0 ERROR(S)
