C51 COMPILER V9.54   MAIN                                                                  12/10/2025 18:23:01 PAGE 1   


C51 COMPILER V9.54, COMPILATION OF MODULE MAIN
OBJECT MODULE PLACED IN .\Objects\main.obj
COMPILER INVOKED BY: F:\keil\C51\BIN\C51.EXE main.c OPTIMIZE(8,SPEED) BROWSE DEBUG OBJECTEXTEND PRINT(.\Listings\main.ls
                    -t) TABS(2) OBJECT(.\Objects\main.obj)

line level    source

   1          #include <REGX52.H>
   2          #include <INTRINS.H>
   3          
   4          void Delay(unsigned int xms)
   5          {
   6   1        unsigned char i, j;
   7   1        while(xms)
   8   1        {
   9   2        
  10   2          _nop_();
  11   2          i = 2;
  12   2          j = 199;
  13   2          do
  14   2          {
  15   3            while (--j);
  16   3          } 
  17   2          while (--i);
  18   2          xms--;
  19   2        }
  20   1        
  21   1      }
  22          
  23          unsigned char LEDTable[]={0X3F,0X06,0X5B,0X4F,0X66,0X6D,0X7D,0X07,0X7F,0X6F};
  24          void LED(unsigned char Location,Number)
  25          {
  26   1        switch(Location)
  27   1        {
  28   2          case 1:P2_4 = 1;P2_3 = 1; P2_2 = 1;break;//LED8ÎţÎˇ
  29   2          case 2:P2_4 = 1;P2_3 = 1; P2_2 = 0;break;//LED7
  30   2          case 3:P2_4 = 1;P2_3 = 0; P2_2 = 1;break;//LED6
  31   2          case 4:P2_4 = 1;P2_3 = 0; P2_2 = 0;break;//LED5
  32   2          case 5:P2_4 = 0;P2_3 = 1; P2_2 = 1;break;//LED4
  33   2          case 6:P2_4 = 0;P2_3 = 1; P2_2 = 0;break;//LED3
  34   2          case 7:P2_4 = 0;P2_3 = 0; P2_2 = 1;break;//LED2
  35   2          case 8:P2_4 = 0;P2_3 = 0; P2_2 = 0;break;//LED1ÎţËĎ
  36   2        }
  37   1        P0 = LEDTable[Number];
  38   1        Delay(1);
  39   1        P0 = 0x00;
  40   1      }
  41          
  42          void main()
  43          {
  44   1        
  45   1        
  46   1        while(1)
  47   1        {
  48   2          LED(1,1);
  49   2          //Delay(200);
  50   2          LED(2,1);
  51   2          //Delay(200);
  52   2          LED(3,4);
  53   2          //Delay(200);
  54   2          LED(4,5);
C51 COMPILER V9.54   MAIN                                                                  12/10/2025 18:23:01 PAGE 2   

  55   2          //Delay(200);
  56   2          LED(5,1);
  57   2          //Delay(200);
  58   2          LED(6,4);
  59   2          //Delay(200);
  60   2          //LED(7,4);
  61   2          //Delay(200);
  62   2          //LED(8,1);
  63   2          //Delay(200);
  64   2        }
  65   1      
  66   1      }


MODULE INFORMATION:   STATIC OVERLAYABLE
   CODE SIZE        =    182    ----
   CONSTANT SIZE    =   ----    ----
   XDATA SIZE       =   ----    ----
   PDATA SIZE       =   ----    ----
   DATA SIZE        =     10    ----
   IDATA SIZE       =   ----    ----
   BIT SIZE         =   ----    ----
END OF MODULE INFORMATION.


C51 COMPILATION COMPLETE.  0 WARNING(S),  0 ERROR(S)
