C51 COMPILER V9.54   MAIN                                                                  12/04/2025 22:39:35 PAGE 1   


C51 COMPILER V9.54, COMPILATION OF MODULE MAIN
OBJECT MODULE PLACED IN .\Objects\main.obj
COMPILER INVOKED BY: F:\keil\C51\BIN\C51.EXE main.c OPTIMIZE(8,SPEED) BROWSE DEBUG OBJECTEXTEND PRINT(.\Listings\main.ls
                    -t) TABS(2) OBJECT(.\Objects\main.obj)

line level    source

   1          #include <REGX52.H>
   2          
   3          int main()
   4          {
   5   1        //P2=0xFE;
   6   1        //P2_0 = 0;
   7   1        while(1)
   8   1          {
   9   2              if(P3_1 == 0 && P3_0 == 0)//按下为0，利用逻辑与，同时按下时亮
  10   2              {
  11   3                P2_0 = 0;//亮
  12   3              }
  13   2              else
  14   2              {
  15   3                P2_0 = 1;//灭
  16   3              } 
  17   2          } 
  18   1      }


MODULE INFORMATION:   STATIC OVERLAYABLE
   CODE SIZE        =     14    ----
   CONSTANT SIZE    =   ----    ----
   XDATA SIZE       =   ----    ----
   PDATA SIZE       =   ----    ----
   DATA SIZE        =   ----    ----
   IDATA SIZE       =   ----    ----
   BIT SIZE         =   ----    ----
END OF MODULE INFORMATION.


C51 COMPILATION COMPLETE.  0 WARNING(S),  0 ERROR(S)
