C51 COMPILER V9.54   TIMER0                                                                01/24/2026 15:48:32 PAGE 1   


C51 COMPILER V9.54, COMPILATION OF MODULE TIMER0
OBJECT MODULE PLACED IN .\Objects\Timer0.obj
COMPILER INVOKED BY: F:\keil\C51\BIN\C51.EXE Timer0.c OPTIMIZE(8,SPEED) BROWSE DEBUG OBJECTEXTEND PRINT(.\Listings\Timer
                    -0.lst) TABS(2) OBJECT(.\Objects\Timer0.obj)

line level    source

   1          #include <REGX52.H>
   2          
   3          void Timer0_Init()
   4          {
   5   1        //TMOD = 0x01;//0000 0001 T0定时器工作模式1  但也会影响T1定时器
   6   1        TMOD &=0xF0; //把TMOD的低四位清零，高四位保持不变
   7   1        TMOD |= 0x01;//把TMOD的最低位置一，高四位保持不变
   8   1        TF0 = 0;
   9   1        TR0 = 1;
  10   1        TH0 = 64535/256;
  11   1        TL0 = 64535%256;
  12   1        ET0 = 1;
  13   1        EA = 1;
  14   1        PT0 = 0;
  15   1      }


MODULE INFORMATION:   STATIC OVERLAYABLE
   CODE SIZE        =     23    ----
   CONSTANT SIZE    =   ----    ----
   XDATA SIZE       =   ----    ----
   PDATA SIZE       =   ----    ----
   DATA SIZE        =   ----    ----
   IDATA SIZE       =   ----    ----
   BIT SIZE         =   ----    ----
END OF MODULE INFORMATION.


C51 COMPILATION COMPLETE.  0 WARNING(S),  0 ERROR(S)
