C51 COMPILER V9.54   MAIN                                                                  12/08/2025 17:21:09 PAGE 1   


C51 COMPILER V9.54, COMPILATION OF MODULE MAIN
OBJECT MODULE PLACED IN .\Objects\main.obj
COMPILER INVOKED BY: F:\keil\C51\BIN\C51.EXE main.c OPTIMIZE(8,SPEED) BROWSE DEBUG OBJECTEXTEND PRINT(.\Listings\main.ls
                    -t) TABS(2) OBJECT(.\Objects\main.obj)

line level    source

   1          #include <REGX52.H>
   2          
   3          unsigned char LEDTable[]={0X3F,0X06,0X5B,0X4F,0X66,0X6D,0X7D,0X07,0X7F,0X6F};
   4          void LED(unsigned char Location,Number)
   5          {
   6   1        switch(Location)
   7   1        {
   8   2          case 1:P2_4 = 1;P2_3 = 1; P2_2 = 1;break;//LED8æŸæµ
   9   2          case 2:P2_4 = 1;P2_3 = 1; P2_2 = 0;break;//LED7
  10   2          case 3:P2_4 = 1;P2_3 = 0; P2_2 = 1;break;//LED6
  11   2          case 4:P2_4 = 1;P2_3 = 0; P2_2 = 0;break;//LED5
  12   2          case 5:P2_4 = 0;P2_3 = 1; P2_2 = 1;break;//LED4
  13   2          case 6:P2_4 = 0;P2_3 = 1; P2_2 = 0;break;//LED3
  14   2          case 7:P2_4 = 0;P2_3 = 0; P2_2 = 1;break;//LED2
  15   2          case 8:P2_4 = 0;P2_3 = 0; P2_2 = 0;break;//LED1æŸÆØ
  16   2        }
  17   1        P0 = LEDTable[Number];
  18   1      }
  19          
  20          void main()
  21          {
  22   1        //LED5-->Y4
  23   1        //P2_4 = 1;
  24   1        //P2_3 = 0;
  25   1        //P2_2 = 0;
  26   1        //P0 = 0x7D;
  27   1        LED(2,8);
  28   1        
  29   1        while(1)
  30   1        {
  31   2        
  32   2        }
  33   1      }


MODULE INFORMATION:   STATIC OVERLAYABLE
   CODE SIZE        =    110    ----
   CONSTANT SIZE    =   ----    ----
   XDATA SIZE       =   ----    ----
   PDATA SIZE       =   ----    ----
   DATA SIZE        =     10    ----
   IDATA SIZE       =   ----    ----
   BIT SIZE         =   ----    ----
END OF MODULE INFORMATION.


C51 COMPILATION COMPLETE.  0 WARNING(S),  0 ERROR(S)
