C51 COMPILER V9.54   MAIN                                                                  12/04/2025 22:17:27 PAGE 1   


C51 COMPILER V9.54, COMPILATION OF MODULE MAIN
OBJECT MODULE PLACED IN .\Objects\main.obj
COMPILER INVOKED BY: F:\keil\C51\BIN\C51.EXE main.c OPTIMIZE(8,SPEED) BROWSE DEBUG OBJECTEXTEND PRINT(.\Listings\main.ls
                    -t) TABS(2) OBJECT(.\Objects\main.obj)

line level    source

   1          #include <REGX52.H>
   2          #include <INTRINS.H>
   3          
   4          void Delay1ms(unsigned int xms)   //@11.0592MHz
   5          {
   6   1        unsigned char i, j;
   7   1        while(xms)
   8   1        {
   9   2        
  10   2          _nop_();
  11   2          i = 2;
  12   2          j = 199;
  13   2          do
  14   2          {
  15   3            while (--j);
  16   3          } 
  17   2          while (--i);
  18   2          xms--;
  19   2        }
  20   1        
  21   1      }
  22          
  23          
  24          int main()
  25          {
  26   1        while(1)
  27   1        {
  28   2          P2 = 0xFE;//1111 1110
  29   2          Delay1ms(100);
  30   2          P2 = 0xFD;//1111 1101
  31   2          Delay1ms(100);
  32   2          P2 = 0xFB;//1111 1011
  33   2          Delay1ms(100);
  34   2          P2 = 0xF7;//1111 0111
  35   2          Delay1ms(100);
  36   2          P2 = 0xEF;//1110 1111
  37   2          Delay1ms(100);
  38   2          P2 = 0xDF;//1101 1111
  39   2          Delay1ms(100);
  40   2          P2 = 0xBF;//1011 1111
  41   2          Delay1ms(100);
  42   2          P2 = 0x7F;//0111 1111
  43   2          Delay1ms(100);
  44   2        }
  45   1      }


MODULE INFORMATION:   STATIC OVERLAYABLE
   CODE SIZE        =     75    ----
   CONSTANT SIZE    =   ----    ----
   XDATA SIZE       =   ----    ----
   PDATA SIZE       =   ----    ----
   DATA SIZE        =   ----    ----
   IDATA SIZE       =   ----    ----
C51 COMPILER V9.54   MAIN                                                                  12/04/2025 22:17:27 PAGE 2   

   BIT SIZE         =   ----    ----
END OF MODULE INFORMATION.


C51 COMPILATION COMPLETE.  0 WARNING(S),  0 ERROR(S)
